1766412966.328574 client started (28767): version 3.4, socket /tmp/tmux-1000/default, protocol 8
1766412966.328594 on Linux 6.8.0-90-generic #91-Ubuntu SMP PREEMPT_DYNAMIC Tue Nov 18 14:14:30 UTC 2025
1766412966.328596 using libevent 2.1.12-stable poll
1766412966.328597 using ncurses 6.4 20240113
1766412966.328604 flags are 0x10010000
1766412966.328611 socket is /tmp/tmux-1000/default
1766412966.328618 trying connect
1766412966.328658 add peer 0x61f61b3c62b0: 6 ((nil))
1766412966.328826 sending message 100 to peer 0x61f61b3c62b0 (4 bytes)
1766412966.328828 sending message 111 to peer 0x61f61b3c62b0 (8 bytes)
1766412966.328830 sending message 101 to peer 0x61f61b3c62b0 (14 bytes)
1766412966.328831 sending message 109 to peer 0x61f61b3c62b0 (4 bytes)
1766412966.328832 sending message 102 to peer 0x61f61b3c62b0 (12 bytes)
1766412966.328833 sending message 108 to peer 0x61f61b3c62b0 (22 bytes)
1766412966.328834 sending message 112 to peer 0x61f61b3c62b0 (70 bytes)
1766412966.328835 sending message 112 to peer 0x61f61b3c62b0 (5 bytes)
1766412966.328837 sending message 112 to peer 0x61f61b3c62b0 (5 bytes)
1766412966.328838 sending message 112 to peer 0x61f61b3c62b0 (6 bytes)
1766412966.328839 sending message 112 to peer 0x61f61b3c62b0 (6 bytes)
1766412966.328840 sending message 112 to peer 0x61f61b3c62b0 (11 bytes)
1766412966.328841 sending message 112 to peer 0x61f61b3c62b0 (10 bytes)
1766412966.328842 sending message 112 to peer 0x61f61b3c62b0 (13 bytes)
1766412966.328843 sending message 112 to peer 0x61f61b3c62b0 (13 bytes)
1766412966.328844 sending message 112 to peer 0x61f61b3c62b0 (18 bytes)
1766412966.328845 sending message 112 to peer 0x61f61b3c62b0 (11 bytes)
1766412966.328846 sending message 112 to peer 0x61f61b3c62b0 (10 bytes)
1766412966.328847 sending message 112 to peer 0x61f61b3c62b0 (15 bytes)
1766412966.328848 sending message 112 to peer 0x61f61b3c62b0 (21 bytes)
1766412966.328849 sending message 112 to peer 0x61f61b3c62b0 (13 bytes)
1766412966.328850 sending message 112 to peer 0x61f61b3c62b0 (7 bytes)
1766412966.328851 sending message 112 to peer 0x61f61b3c62b0 (13 bytes)
1766412966.328852 sending message 112 to peer 0x61f61b3c62b0 (7 bytes)
1766412966.328853 sending message 112 to peer 0x61f61b3c62b0 (13 bytes)
1766412966.328855 sending message 112 to peer 0x61f61b3c62b0 (9 bytes)
1766412966.328856 sending message 112 to peer 0x61f61b3c62b0 (21 bytes)
1766412966.328857 sending message 112 to peer 0x61f61b3c62b0 (13 bytes)
1766412966.328858 sending message 112 to peer 0x61f61b3c62b0 (8 bytes)
1766412966.328859 sending message 112 to peer 0x61f61b3c62b0 (12 bytes)
1766412966.328860 sending message 112 to peer 0x61f61b3c62b0 (13 bytes)
1766412966.328861 sending message 112 to peer 0x61f61b3c62b0 (9 bytes)
1766412966.328862 sending message 112 to peer 0x61f61b3c62b0 (9 bytes)
1766412966.328863 sending message 112 to peer 0x61f61b3c62b0 (12 bytes)
1766412966.328864 sending message 112 to peer 0x61f61b3c62b0 (8 bytes)
1766412966.328865 sending message 112 to peer 0x61f61b3c62b0 (8 bytes)
1766412966.328866 sending message 112 to peer 0x61f61b3c62b0 (7 bytes)
1766412966.328867 sending message 112 to peer 0x61f61b3c62b0 (7 bytes)
1766412966.328868 sending message 112 to peer 0x61f61b3c62b0 (9 bytes)
1766412966.328869 sending message 112 to peer 0x61f61b3c62b0 (13 bytes)
1766412966.328870 sending message 112 to peer 0x61f61b3c62b0 (6 bytes)
1766412966.328871 sending message 112 to peer 0x61f61b3c62b0 (9 bytes)
1766412966.328872 sending message 112 to peer 0x61f61b3c62b0 (15 bytes)
1766412966.328873 sending message 112 to peer 0x61f61b3c62b0 (13 bytes)
1766412966.328874 sending message 112 to peer 0x61f61b3c62b0 (12 bytes)
1766412966.328875 sending message 112 to peer 0x61f61b3c62b0 (8 bytes)
1766412966.328876 sending message 112 to peer 0x61f61b3c62b0 (14 bytes)
1766412966.328878 sending message 112 to peer 0x61f61b3c62b0 (11 bytes)
1766412966.328879 sending message 112 to peer 0x61f61b3c62b0 (9 bytes)
1766412966.328880 sending message 112 to peer 0x61f61b3c62b0 (10 bytes)
1766412966.329117 sending message 112 to peer 0x61f61b3c62b0 (10 bytes)
1766412966.329117 sending message 112 to peer 0x61f61b3c62b0 (10 bytes)
1766412966.329117 sending message 112 to peer 0x61f61b3c62b0 (10 bytes)
1766412966.329117 sending message 112 to peer 0x61f61b3c62b0 (11 bytes)
1766412966.329117 sending message 112 to peer 0x61f61b3c62b0 (12 bytes)
1766412966.329117 sending message 112 to peer 0x61f61b3c62b0 (12 bytes)
1766412966.329117 sending message 112 to peer 0x61f61b3c62b0 (12 bytes)
1766412966.329117 sending message 112 to peer 0x61f61b3c62b0 (12 bytes)
1766412966.329117 sending message 112 to peer 0x61f61b3c62b0 (12 bytes)
1766412966.329117 sending message 112 to peer 0x61f61b3c62b0 (11 bytes)
1766412966.329117 sending message 112 to peer 0x61f61b3c62b0 (11 bytes)
1766412966.329117 sending message 112 to peer 0x61f61b3c62b0 (12 bytes)
1766412966.329117 sending message 112 to peer 0x61f61b3c62b0 (12 bytes)
1766412966.329117 sending message 112 to peer 0x61f61b3c62b0 (12 bytes)
1766412966.329117 sending message 112 to peer 0x61f61b3c62b0 (12 bytes)
1766412966.329117 sending message 112 to peer 0x61f61b3c62b0 (12 bytes)
1766412966.329117 sending message 112 to peer 0x61f61b3c62b0 (10 bytes)
1766412966.329117 sending message 112 to peer 0x61f61b3c62b0 (12 bytes)
1766412966.329117 sending message 112 to peer 0x61f61b3c62b0 (13 bytes)
1766412966.329117 sending message 112 to peer 0x61f61b3c62b0 (13 bytes)
1766412966.329117 sending message 112 to peer 0x61f61b3c62b0 (13 bytes)
1766412966.329117 sending message 112 to peer 0x61f61b3c62b0 (13 bytes)
1766412966.329117 sending message 112 to peer 0x61f61b3c62b0 (13 bytes)
1766412966.329117 sending message 112 to peer 0x61f61b3c62b0 (8 bytes)
1766412966.329117 sending message 112 to peer 0x61f61b3c62b0 (11 bytes)
1766412966.329117 sending message 112 to peer 0x61f61b3c62b0 (11 bytes)
1766412966.329117 sending message 112 to peer 0x61f61b3c62b0 (11 bytes)
1766412966.329117 sending message 112 to peer 0x61f61b3c62b0 (12 bytes)
1766412966.329117 sending message 112 to peer 0x61f61b3c62b0 (12 bytes)
1766412966.329117 sending message 112 to peer 0x61f61b3c62b0 (12 bytes)
1766412966.329117 sending message 112 to peer 0x61f61b3c62b0 (12 bytes)
1766412966.329117 sending message 112 to peer 0x61f61b3c62b0 (13 bytes)
1766412966.329117 sending message 112 to peer 0x61f61b3c62b0 (13 bytes)
1766412966.329117 sending message 112 to peer 0x61f61b3c62b0 (13 bytes)
1766412966.329117 sending message 112 to peer 0x61f61b3c62b0 (8 bytes)
1766412966.329117 sending message 112 to peer 0x61f61b3c62b0 (13 bytes)
1766412966.329117 sending message 112 to peer 0x61f61b3c62b0 (13 bytes)
1766412966.329117 sending message 112 to peer 0x61f61b3c62b0 (13 bytes)
1766412966.329117 sending message 112 to peer 0x61f61b3c62b0 (13 bytes)
1766412966.329117 sending message 112 to peer 0x61f61b3c62b0 (13 bytes)
1766412966.329117 sending message 112 to peer 0x61f61b3c62b0 (12 bytes)
1766412966.329117 sending message 112 to peer 0x61f61b3c62b0 (12 bytes)
1766412966.329117 sending message 112 to peer 0x61f61b3c62b0 (12 bytes)
1766412966.329117 sending message 112 to peer 0x61f61b3c62b0 (12 bytes)
1766412966.329117 sending message 112 to peer 0x61f61b3c62b0 (13 bytes)
1766412966.329117 sending message 112 to peer 0x61f61b3c62b0 (8 bytes)
1766412966.329117 sending message 112 to peer 0x61f61b3c62b0 (13 bytes)
1766412966.329117 sending message 112 to peer 0x61f61b3c62b0 (13 bytes)
1766412966.329117 sending message 112 to peer 0x61f61b3c62b0 (13 bytes)
1766412966.329117 sending message 112 to peer 0x61f61b3c62b0 (13 bytes)
1766412966.329117 sending message 112 to peer 0x61f61b3c62b0 (13 bytes)
1766412966.329117 sending message 112 to peer 0x61f61b3c62b0 (13 bytes)
1766412966.329117 sending message 112 to peer 0x61f61b3c62b0 (13 bytes)
1766412966.329117 sending message 112 to peer 0x61f61b3c62b0 (12 bytes)
1766412966.329117 sending message 112 to peer 0x61f61b3c62b0 (12 bytes)
1766412966.329117 sending message 112 to peer 0x61f61b3c62b0 (12 bytes)
1766412966.329117 sending message 112 to peer 0x61f61b3c62b0 (8 bytes)
1766412966.329117 sending message 112 to peer 0x61f61b3c62b0 (12 bytes)
1766412966.329117 sending message 112 to peer 0x61f61b3c62b0 (13 bytes)
1766412966.329117 sending message 112 to peer 0x61f61b3c62b0 (13 bytes)
1766412966.329117 sending message 112 to peer 0x61f61b3c62b0 (13 bytes)
1766412966.329117 sending message 112 to peer 0x61f61b3c62b0 (13 bytes)
1766412966.329117 sending message 112 to peer 0x61f61b3c62b0 (13 bytes)
1766412966.329117 sending message 112 to peer 0x61f61b3c62b0 (13 bytes)
1766412966.329117 sending message 112 to peer 0x61f61b3c62b0 (13 bytes)
1766412966.329117 sending message 112 to peer 0x61f61b3c62b0 (13 bytes)
1766412966.329117 sending message 112 to peer 0x61f61b3c62b0 (12 bytes)
1766412966.329117 sending message 112 to peer 0x61f61b3c62b0 (10 bytes)
1766412966.329117 sending message 112 to peer 0x61f61b3c62b0 (12 bytes)
1766412966.329117 sending message 112 to peer 0x61f61b3c62b0 (12 bytes)
1766412966.329117 sending message 112 to peer 0x61f61b3c62b0 (12 bytes)
1766412966.329117 sending message 112 to peer 0x61f61b3c62b0 (13 bytes)
1766412966.329117 sending message 112 to peer 0x61f61b3c62b0 (13 bytes)
1766412966.329117 sending message 112 to peer 0x61f61b3c62b0 (13 bytes)
1766412966.329117 sending message 112 to peer 0x61f61b3c62b0 (13 bytes)
1766412966.329117 sending message 112 to peer 0x61f61b3c62b0 (13 bytes)
1766412966.329117 sending message 112 to peer 0x61f61b3c62b0 (13 bytes)
1766412966.329117 sending message 112 to peer 0x61f61b3c62b0 (13 bytes)
1766412966.329117 sending message 112 to peer 0x61f61b3c62b0 (10 bytes)
1766412966.329117 sending message 112 to peer 0x61f61b3c62b0 (13 bytes)
1766412966.329117 sending message 112 to peer 0x61f61b3c62b0 (12 bytes)
1766412966.329117 sending message 112 to peer 0x61f61b3c62b0 (12 bytes)
1766412966.329117 sending message 112 to peer 0x61f61b3c62b0 (12 bytes)
1766412966.329117 sending message 112 to peer 0x61f61b3c62b0 (10 bytes)
1766412966.329117 sending message 112 to peer 0x61f61b3c62b0 (10 bytes)
1766412966.329117 sending message 112 to peer 0x61f61b3c62b0 (10 bytes)
1766412966.329117 sending message 112 to peer 0x61f61b3c62b0 (12 bytes)
1766412966.329117 sending message 112 to peer 0x61f61b3c62b0 (13 bytes)
1766412966.329117 sending message 112 to peer 0x61f61b3c62b0 (13 bytes)
1766412966.329117 sending message 112 to peer 0x61f61b3c62b0 (13 bytes)
1766412966.329117 sending message 112 to peer 0x61f61b3c62b0 (13 bytes)
1766412966.329117 sending message 112 to peer 0x61f61b3c62b0 (13 bytes)
1766412966.329117 sending message 112 to peer 0x61f61b3c62b0 (11 bytes)
1766412966.329117 sending message 112 to peer 0x61f61b3c62b0 (11 bytes)
1766412966.329117 sending message 112 to peer 0x61f61b3c62b0 (12 bytes)
1766412966.329117 sending message 112 to peer 0x61f61b3c62b0 (12 bytes)
1766412966.329117 sending message 112 to peer 0x61f61b3c62b0 (12 bytes)
1766412966.329117 sending message 112 to peer 0x61f61b3c62b0 (12 bytes)
1766412966.329117 sending message 112 to peer 0x61f61b3c62b0 (12 bytes)
1766412966.329117 sending message 112 to peer 0x61f61b3c62b0 (11 bytes)
1766412966.329117 sending message 112 to peer 0x61f61b3c62b0 (12 bytes)
1766412966.329117 sending message 112 to peer 0x61f61b3c62b0 (12 bytes)
1766412966.329117 sending message 112 to peer 0x61f61b3c62b0 (13 bytes)
1766412966.329117 sending message 112 to peer 0x61f61b3c62b0 (13 bytes)
1766412966.329117 sending message 112 to peer 0x61f61b3c62b0 (13 bytes)
1766412966.329117 sending message 112 to peer 0x61f61b3c62b0 (13 bytes)
1766412966.329117 sending message 112 to peer 0x61f61b3c62b0 (13 bytes)
1766412966.329117 sending message 112 to peer 0x61f61b3c62b0 (10 bytes)
1766412966.329117 sending message 112 to peer 0x61f61b3c62b0 (9 bytes)
1766412966.329117 sending message 112 to peer 0x61f61b3c62b0 (12 bytes)
1766412966.329117 sending message 112 to peer 0x61f61b3c62b0 (13 bytes)
1766412966.329117 sending message 112 to peer 0x61f61b3c62b0 (13 bytes)
1766412966.329117 sending message 112 to peer 0x61f61b3c62b0 (13 bytes)
1766412966.329117 sending message 112 to peer 0x61f61b3c62b0 (13 bytes)
1766412966.329117 sending message 112 to peer 0x61f61b3c62b0 (13 bytes)
1766412966.329117 sending message 112 to peer 0x61f61b3c62b0 (9 bytes)
1766412966.329117 sending message 112 to peer 0x61f61b3c62b0 (12 bytes)
1766412966.329117 sending message 112 to peer 0x61f61b3c62b0 (13 bytes)
1766412966.329118 sending message 112 to peer 0x61f61b3c62b0 (13 bytes)
1766412966.329119 sending message 112 to peer 0x61f61b3c62b0 (13 bytes)
1766412966.329120 sending message 112 to peer 0x61f61b3c62b0 (13 bytes)
1766412966.329121 sending message 112 to peer 0x61f61b3c62b0 (13 bytes)
1766412966.329122 sending message 112 to peer 0x61f61b3c62b0 (11 bytes)
1766412966.329123 sending message 112 to peer 0x61f61b3c62b0 (12 bytes)
1766412966.329124 sending message 112 to peer 0x61f61b3c62b0 (13 bytes)
1766412966.329125 sending message 112 to peer 0x61f61b3c62b0 (13 bytes)
1766412966.329126 sending message 112 to peer 0x61f61b3c62b0 (13 bytes)
1766412966.329127 sending message 112 to peer 0x61f61b3c62b0 (13 bytes)
1766412966.329128 sending message 112 to peer 0x61f61b3c62b0 (13 bytes)
1766412966.329129 sending message 112 to peer 0x61f61b3c62b0 (11 bytes)
1766412966.329130 sending message 112 to peer 0x61f61b3c62b0 (12 bytes)
1766412966.329131 sending message 112 to peer 0x61f61b3c62b0 (12 bytes)
1766412966.329132 sending message 112 to peer 0x61f61b3c62b0 (12 bytes)
1766412966.329133 sending message 112 to peer 0x61f61b3c62b0 (12 bytes)
1766412966.329135 sending message 112 to peer 0x61f61b3c62b0 (12 bytes)
1766412966.329136 sending message 112 to peer 0x61f61b3c62b0 (21 bytes)
1766412966.329137 sending message 112 to peer 0x61f61b3c62b0 (12 bytes)
1766412966.329138 sending message 112 to peer 0x61f61b3c62b0 (9 bytes)
1766412966.329139 sending message 112 to peer 0x61f61b3c62b0 (6 bytes)
1766412966.329140 sending message 112 to peer 0x61f61b3c62b0 (13 bytes)
1766412966.329141 sending message 112 to peer 0x61f61b3c62b0 (8 bytes)
1766412966.329142 sending message 112 to peer 0x61f61b3c62b0 (15 bytes)
1766412966.329144 sending message 112 to peer 0x61f61b3c62b0 (13 bytes)
1766412966.329145 sending message 112 to peer 0x61f61b3c62b0 (9 bytes)
1766412966.329146 sending message 112 to peer 0x61f61b3c62b0 (70 bytes)
1766412966.329147 sending message 112 to peer 0x61f61b3c62b0 (69 bytes)
1766412966.329148 sending message 112 to peer 0x61f61b3c62b0 (10 bytes)
1766412966.329149 sending message 112 to peer 0x61f61b3c62b0 (10 bytes)
1766412966.329150 sending message 112 to peer 0x61f61b3c62b0 (8 bytes)
1766412966.329151 sending message 112 to peer 0x61f61b3c62b0 (15 bytes)
1766412966.329152 sending message 112 to peer 0x61f61b3c62b0 (13 bytes)
1766412966.329153 sending message 112 to peer 0x61f61b3c62b0 (10 bytes)
1766412966.329154 sending message 112 to peer 0x61f61b3c62b0 (10 bytes)
1766412966.329156 sending message 112 to peer 0x61f61b3c62b0 (17 bytes)
1766412966.329157 sending message 112 to peer 0x61f61b3c62b0 (10 bytes)
1766412966.329158 sending message 112 to peer 0x61f61b3c62b0 (13 bytes)
1766412966.329159 sending message 112 to peer 0x61f61b3c62b0 (9 bytes)
1766412966.329160 sending message 112 to peer 0x61f61b3c62b0 (5 bytes)
1766412966.329161 sending message 112 to peer 0x61f61b3c62b0 (15 bytes)
1766412966.329163 sending message 104 to peer 0x61f61b3c62b0 (0 bytes)
1766412966.329164 sending message 110 to peer 0x61f61b3c62b0 (0 bytes)
1766412966.329165 sending message 107 to peer 0x61f61b3c62b0 (4 bytes)
1766412966.329166 sending message 105 to peer 0x61f61b3c62b0 (16 bytes)
1766412966.329168 sending message 105 to peer 0x61f61b3c62b0 (20 bytes)
1766412966.329169 sending message 105 to peer 0x61f61b3c62b0 (59 bytes)
1766412966.329170 sending message 105 to peer 0x61f61b3c62b0 (25 bytes)
1766412966.329171 sending message 105 to peer 0x61f61b3c62b0 (33 bytes)
1766412966.329172 sending message 105 to peer 0x61f61b3c62b0 (36 bytes)
1766412966.329173 sending message 105 to peer 0x61f61b3c62b0 (26 bytes)
1766412966.329174 sending message 105 to peer 0x61f61b3c62b0 (12 bytes)
1766412966.329176 sending message 105 to peer 0x61f61b3c62b0 (21 bytes)
1766412966.329177 sending message 105 to peer 0x61f61b3c62b0 (99 bytes)
1766412966.329180 sending message 105 to peer 0x61f61b3c62b0 (15 bytes)
1766412966.329181 sending message 105 to peer 0x61f61b3c62b0 (17 bytes)
1766412966.329182 sending message 105 to peer 0x61f61b3c62b0 (1817 bytes)
1766412966.329187 sending message 105 to peer 0x61f61b3c62b0 (113 bytes)
1766412966.329189 sending message 105 to peer 0x61f61b3c62b0 (33 bytes)
1766412966.329190 sending message 105 to peer 0x61f61b3c62b0 (43 bytes)
1766412966.329191 sending message 105 to peer 0x61f61b3c62b0 (23 bytes)
1766412966.329192 sending message 105 to peer 0x61f61b3c62b0 (31 bytes)
1766412966.329193 sending message 105 to peer 0x61f61b3c62b0 (35 bytes)
1766412966.329194 sending message 105 to peer 0x61f61b3c62b0 (34 bytes)
1766412966.329195 sending message 105 to peer 0x61f61b3c62b0 (23 bytes)
1766412966.329196 sending message 105 to peer 0x61f61b3c62b0 (52 bytes)
1766412966.329197 sending message 105 to peer 0x61f61b3c62b0 (19 bytes)
1766412966.329198 sending message 105 to peer 0x61f61b3c62b0 (32 bytes)
1766412966.329200 sending message 105 to peer 0x61f61b3c62b0 (9 bytes)
1766412966.329201 sending message 105 to peer 0x61f61b3c62b0 (13 bytes)
1766412966.329202 sending message 105 to peer 0x61f61b3c62b0 (64 bytes)
1766412966.329203 sending message 105 to peer 0x61f61b3c62b0 (8 bytes)
1766412966.329204 sending message 105 to peer 0x61f61b3c62b0 (14 bytes)
1766412966.329205 sending message 105 to peer 0x61f61b3c62b0 (17 bytes)
1766412966.329206 sending message 105 to peer 0x61f61b3c62b0 (32 bytes)
1766412966.329207 sending message 105 to peer 0x61f61b3c62b0 (31 bytes)
1766412966.329208 sending message 105 to peer 0x61f61b3c62b0 (29 bytes)
1766412966.329209 sending message 105 to peer 0x61f61b3c62b0 (47 bytes)
1766412966.329210 sending message 105 to peer 0x61f61b3c62b0 (130 bytes)
1766412966.329212 sending message 105 to peer 0x61f61b3c62b0 (65 bytes)
1766412966.329213 sending message 105 to peer 0x61f61b3c62b0 (63 bytes)
1766412966.329215 sending message 105 to peer 0x61f61b3c62b0 (101 bytes)
1766412966.329216 sending message 105 to peer 0x61f61b3c62b0 (462 bytes)
1766412966.329218 sending message 105 to peer 0x61f61b3c62b0 (54 bytes)
1766412966.329219 sending message 105 to peer 0x61f61b3c62b0 (50 bytes)
1766412966.329221 sending message 105 to peer 0x61f61b3c62b0 (18 bytes)
1766412966.329222 sending message 105 to peer 0x61f61b3c62b0 (88 bytes)
1766412966.329223 sending message 105 to peer 0x61f61b3c62b0 (16 bytes)
1766412966.329225 sending message 106 to peer 0x61f61b3c62b0 (0 bytes)
1766412966.329257 sending message 200 to peer 0x61f61b3c62b0 (4 bytes)
1766412966.329259 client loop enter
1766412966.330302 peer 0x61f61b3c62b0 message 303
1766412966.330431 open write file 2 -
1766412966.330454 sending message 305 to peer 0x61f61b3c62b0 (8 bytes)
1766412966.330607 write check file 2
1766412966.331223 peer 0x61f61b3c62b0 message 304
1766412966.331364 write 58 to file 2
1766412966.331420 peer 0x61f61b3c62b0 message 203
1766412966.331427 file 2 58 bytes left
1766412966.331457 write check file 2
1766412966.331463 client loop exit
